<?xml version="1.0" encoding="UTF-8"?>
<!-- Generated by org.testng.reporters.JUnitXMLReporter -->
<testsuite ignored="0" hostname="DESKTOP-EBG4U9O" failures="0" tests="5" name="Default test" time="19.279" errors="0" timestamp="2024-05-16T15:33:47 IST">
  <testcase classname="TestNG.DataProviderClass" name="ToLogin" time="4.484"/>
  <testcase classname="TestNG.DataProviderClass" name="ToLogin" time="3.356"/>
  <testcase classname="TestNG.DataProviderClass" name="ToLogin" time="3.076"/>
  <testcase classname="TestNG.DataProviderClass" name="ToLogin" time="4.644"/>
  <testcase classname="TestNG.DataProviderClass" name="ToLogin" time="3.677"/>
</testsuite> <!-- Default test -->
