<?xml version="1.0" encoding="UTF-8"?>
<!-- Generated by org.testng.reporters.JUnitXMLReporter -->
<testsuite ignored="3" hostname="DESKTOP-EBG4U9O" failures="0" tests="2" name="Test" time="6.066" errors="0" timestamp="2024-05-15T11:58:39 IST">
  <testcase classname="TestNGExcetion.zomato" name="zomatolaunch" time="3.634"/>
  <testcase classname="TestNGExcetion.Swiggy" name="Swiggylaunch" time="2.399"/>
  <testcase classname="TestNGExcetion.KFC" name="kfclaunch" time="0.0">
    <ignored/>
  </testcase> <!-- kfclaunch -->
  <testcase classname="TestNGExcetion.foodPanda" name="FoodPandalaunch" time="0.0">
    <ignored/>
  </testcase> <!-- FoodPandalaunch -->
  <testcase classname="TestNGExcetion.blinkIt" name="blikITlaunch" time="0.0">
    <ignored/>
  </testcase> <!-- blikITlaunch -->
</testsuite> <!-- Test -->
