<?xml version="1.0" encoding="UTF-8"?>
<testng-results ignored="0" total="5" passed="5" failed="0" skipped="0">
  <reporter-output>
  </reporter-output>
  <suite started-at="2024-05-16T15:33:27 IST" name="Default suite" finished-at="2024-05-16T15:33:47 IST" duration-ms="19279">
    <groups>
    </groups>
    <test started-at="2024-05-16T15:33:27 IST" name="Default test" finished-at="2024-05-16T15:33:47 IST" duration-ms="19279">
      <class name="TestNG.DataProviderClass">
        <test-method signature="ToLogin(java.lang.String,java.lang.String)[pri:0, instance:TestNG.DataProviderClass@7e0b85f9]" started-at="2024-05-16T15:33:27 IST" name="ToLogin" data-provider="cred" finished-at="2024-05-16T15:33:32 IST" duration-ms="4484" status="PASS">
          <params>
            <param index="0">
              <value>
                <![CDATA[VigneshNayak678@gmail.com]]>
              </value>
            </param>
            <param index="1">
              <value>
                <![CDATA[Nayak123]]>
              </value>
            </param>
          </params>
          <reporter-output>
          </reporter-output>
        </test-method> <!-- ToLogin -->
        <test-method signature="ToLogin(java.lang.String,java.lang.String)[pri:0, instance:TestNG.DataProviderClass@7e0b85f9]" started-at="2024-05-16T15:33:32 IST" name="ToLogin" data-provider="cred" finished-at="2024-05-16T15:33:35 IST" duration-ms="3356" status="PASS">
          <params>
            <param index="0">
              <value>
                <![CDATA[Sunil@gmail.com]]>
              </value>
            </param>
            <param index="1">
              <value>
                <![CDATA[sunil123]]>
              </value>
            </param>
          </params>
          <reporter-output>
          </reporter-output>
        </test-method> <!-- ToLogin -->
        <test-method signature="ToLogin(java.lang.String,java.lang.String)[pri:0, instance:TestNG.DataProviderClass@7e0b85f9]" started-at="2024-05-16T15:33:35 IST" name="ToLogin" data-provider="cred" finished-at="2024-05-16T15:33:38 IST" duration-ms="3076" status="PASS">
          <params>
            <param index="0">
              <value>
                <![CDATA[pavanreddy208@gmail.com]]>
              </value>
            </param>
            <param index="1">
              <value>
                <![CDATA[pavan123]]>
              </value>
            </param>
          </params>
          <reporter-output>
          </reporter-output>
        </test-method> <!-- ToLogin -->
        <test-method signature="ToLogin(java.lang.String,java.lang.String)[pri:0, instance:TestNG.DataProviderClass@7e0b85f9]" started-at="2024-05-16T15:33:38 IST" name="ToLogin" data-provider="cred" finished-at="2024-05-16T15:33:43 IST" duration-ms="4644" status="PASS">
          <params>
            <param index="0">
              <value>
                <![CDATA[ganesh@gmail.com]]>
              </value>
            </param>
            <param index="1">
              <value>
                <![CDATA[ganesh123]]>
              </value>
            </param>
          </params>
          <reporter-output>
          </reporter-output>
        </test-method> <!-- ToLogin -->
        <test-method signature="ToLogin(java.lang.String,java.lang.String)[pri:0, instance:TestNG.DataProviderClass@7e0b85f9]" started-at="2024-05-16T15:33:43 IST" name="ToLogin" data-provider="cred" finished-at="2024-05-16T15:33:47 IST" duration-ms="3677" status="PASS">
          <params>
            <param index="0">
              <value>
                <![CDATA[aruna@gmail.com]]>
              </value>
            </param>
            <param index="1">
              <value>
                <![CDATA[aruna123]]>
              </value>
            </param>
          </params>
          <reporter-output>
          </reporter-output>
        </test-method> <!-- ToLogin -->
      </class> <!-- TestNG.DataProviderClass -->
    </test> <!-- Default test -->
  </suite> <!-- Default suite -->
</testng-results>
